Takuto Nakayama,393
Masafumi Masuma,113
Toshiya Kawamura,164
Hiroki Shoubo,345
Akira Yoshihara,147
Yuuta Oota,19
Yuutarou Hoshi,353
Satoshi Kanda,235
Kousuke Ajiki,41
Tomohiro Kaneko,59
Souichi Shimoe,260
Yoshihisa Yoshida,105
Chisato Yoshihara,62
Yuuta Ninomiya,116
Ryuuji Kobayashi,215
Yuuki Suzuki,227
Shunsuke Jinguu,346
Daiki Miyasugi,322
Tomonori Kanno,311
Shinichi Kobayashi,194
Kento Usui,88
Souta Yamada,195
Takayuki Iwanaga,256
Kyouhei Kojima,156
Iori Arai,372
Tomohiro Jinguu,201
Hayato Yoshida,73
Kazuki Kawamura,365
Ryuudai Abe,90
Shigeru Tanji,115
Shinya Itou,251
Tomoki Takagi,48
Kento Nakae,235
Yuugo Satou,248
Tadanobu Kimura,237
Daisuke Ishikawa,102
Yuuji Mizusaka,188
Yuri Matsukami,148
Masayuki Zen,115
Kousuke Adachi,286
Shun Endou,155
Tadanobu Murakami,365
Yuuki Ishikawa,134
Shinichi Kojima,316
Makiko Masuma,557
Masayuki Saitou,69
Hitomichi Narikawa,255
Sumika Yatsu,104
Hodaka Yamamoto,167
Naoya Fujimoto,189
Toshiki Kosugi,187
Ryuunosuke Shinoda,159
Yasumasa Nakae,120
Yuu Ichikawa,30
Ryuusuke Aoki,316
Junpei Shiga,122
Hisato Yamauchi,35
Kento Kubota,256
Teruya Ikeda,73
Yuugo Kanda,135
Hiroto Ujita,171
Shinichi Kashiwakura,232
Ryouma Hisano,183
Kazuki Sakane,265
Yuuta Kobayashi,141
Ryuunosuke Tahara,84
Yuuhei Kaneko,289
Iori Shoubo,46
Kazuki Yoshida,263
Yuugo Koumura,143
Sou Saitou,181
Souta Okuyama,5
Genki Watanabe,289
Hiroyuki Kakinuma,180
Soulidate Kido,183
Yuugo Kagawa,185
Kaisei Ishii,335
Chisato Kido,327
Takaya Sugawara,331
Masayuki Kobayashi,128
Makoto Chigusa,1
Katsunori Hamanaka,281
Tomoaki Okuda,22
Naoto Yoshihara,207
Hiroaki Nakatsu,164
Takuya Tanaka,159
Daiki Hamanaka,60
Masayuki Ichimura,260
Ryouta Koumura,281
Tomonori Sunada,85
Makiko Kobayashi,180
Hayato Yamamoto,104
Yuuji Vamoua,69
Shunsuke Suzuki,52
Shigeru Suzuki,77
Keisuke Kimura,339
Kyouhei Taniguchi,35
